Determining if the pthread_create exist failed with the following output:
Change Dir: /home/satish/myMavRos/build/CMakeFiles/CMakeTmp

Run Build Command:"/usr/bin/make" "cmTC_32731/fast"
/usr/bin/make -f CMakeFiles/cmTC_32731.dir/build.make CMakeFiles/cmTC_32731.dir/build
make[1]: Entering directory '/home/satish/myMavRos/build/CMakeFiles/CMakeTmp'
Building C object CMakeFiles/cmTC_32731.dir/CheckSymbolExists.c.o
/usr/lib/ccache/cc     -o CMakeFiles/cmTC_32731.dir/CheckSymbolExists.c.o   -c /home/satish/myMavRos/build/CMakeFiles/CMakeTmp/CheckSymbolExists.c
Linking C executable cmTC_32731
/usr/bin/cmake -E cmake_link_script CMakeFiles/cmTC_32731.dir/link.txt --verbose=1
/usr/lib/ccache/cc       CMakeFiles/cmTC_32731.dir/CheckSymbolExists.c.o  -o cmTC_32731 -rdynamic 
CMakeFiles/cmTC_32731.dir/CheckSymbolExists.c.o: In function `main':
CheckSymbolExists.c:(.text+0x16): undefined reference to `pthread_create'
collect2: error: ld returned 1 exit status
CMakeFiles/cmTC_32731.dir/build.make:97: recipe for target 'cmTC_32731' failed
make[1]: *** [cmTC_32731] Error 1
make[1]: Leaving directory '/home/satish/myMavRos/build/CMakeFiles/CMakeTmp'
Makefile:126: recipe for target 'cmTC_32731/fast' failed
make: *** [cmTC_32731/fast] Error 2

File /home/satish/myMavRos/build/CMakeFiles/CMakeTmp/CheckSymbolExists.c:
/* */
#include <pthread.h>

int main(int argc, char** argv)
{
  (void)argv;
#ifndef pthread_create
  return ((int*)(&pthread_create))[argc];
#else
  (void)argc;
  return 0;
#endif
}

Determining if the function pthread_create exists in the pthreads failed with the following output:
Change Dir: /home/satish/myMavRos/build/CMakeFiles/CMakeTmp

Run Build Command:"/usr/bin/make" "cmTC_42a0e/fast"
/usr/bin/make -f CMakeFiles/cmTC_42a0e.dir/build.make CMakeFiles/cmTC_42a0e.dir/build
make[1]: Entering directory '/home/satish/myMavRos/build/CMakeFiles/CMakeTmp'
Building C object CMakeFiles/cmTC_42a0e.dir/CheckFunctionExists.c.o
/usr/lib/ccache/cc    -DCHECK_FUNCTION_EXISTS=pthread_create   -o CMakeFiles/cmTC_42a0e.dir/CheckFunctionExists.c.o   -c /usr/share/cmake-3.5/Modules/CheckFunctionExists.c
Linking C executable cmTC_42a0e
/usr/bin/cmake -E cmake_link_script CMakeFiles/cmTC_42a0e.dir/link.txt --verbose=1
/usr/lib/ccache/cc   -DCHECK_FUNCTION_EXISTS=pthread_create    CMakeFiles/cmTC_42a0e.dir/CheckFunctionExists.c.o  -o cmTC_42a0e -rdynamic -lpthreads 
/usr/bin/ld: cannot find -lpthreads
collect2: error: ld returned 1 exit status
CMakeFiles/cmTC_42a0e.dir/build.make:97: recipe for target 'cmTC_42a0e' failed
make[1]: *** [cmTC_42a0e] Error 1
make[1]: Leaving directory '/home/satish/myMavRos/build/CMakeFiles/CMakeTmp'
Makefile:126: recipe for target 'cmTC_42a0e/fast' failed
make: *** [cmTC_42a0e/fast] Error 2


